<?xml version="1.0" encoding="UTF-8"?>
<testsuites name="DC_Automation" time="0" tests="0" failures="0" errors="0">
   <testsuite name="DC_Automation" tests="0" failures="0" errors="0" time="0" timestamp="2018-07-23 15:09:17" hostname="Hippolyte - DESKTOP-RJ551HV" id="Test Suites/DC_Automation">
      <properties>
         <property name="deviceName" value=""/>
         <property name="devicePlatform" value=""/>
         <property name="logFolder" value="C:\\Users\\Hippolyte\\dev\\QA\\tag\\tags_ui_scenari\\Reports\\DC_Automation\\20180723_150913"/>
         <property name="logFiles" value="C:\\Users\\Hippolyte\\dev\\QA\\tag\\tags_ui_scenari\\Reports\\DC_Automation\\20180723_150913\\execution0.log"/>
         <property name="attachments" value=""/>
         <property name="hostName" value="Hippolyte - DESKTOP-RJ551HV"/>
         <property name="hostAddress" value="10.0.75.1"/>
         <property name="os" value="Windows 10 64bit"/>
         <property name="katalonVersion" value="5.5.0.1"/>
      </properties>
      <system-out><![CDATA[2018-07-23 15:09:17 - [TEST_SUITE][PASSED] - DC_Automation: null]]></system-out>
      <system-err><![CDATA[]]></system-err>
   </testsuite>
</testsuites>
