<?xml version="1.0" encoding="UTF-8"?>
<testsuites name="DC_Automation" time="141" tests="3" failures="0" errors="0">
   <testsuite name="DC_Automation" tests="3" failures="0" errors="0" time="141" timestamp="2018-07-23 16:09:22" hostname="Hippolyte - DESKTOP-RJ551HV" id="Test Suites/DC_Automation">
      <properties>
         <property name="deviceName" value=""/>
         <property name="devicePlatform" value=""/>
         <property name="logFolder" value="C:\\Users\\Hippolyte\\dev\\QA\\tag\\tags_ui_scenari\\Reports\\DC_Automation\\20180723_160915"/>
         <property name="logFiles" value="C:\\Users\\Hippolyte\\dev\\QA\\tag\\tags_ui_scenari\\Reports\\DC_Automation\\20180723_160915\\execution0.log"/>
         <property name="attachments" value=""/>
         <property name="hostName" value="Hippolyte - DESKTOP-RJ551HV"/>
         <property name="os" value="Windows 10 64bit"/>
         <property name="katalonVersion" value="5.5.0.1"/>
         <property name="browser" value="Chrome 67.0.3396.99"/>
         <property name="hostAddress" value="10.0.75.1"/>
         <property name="sessionId" value="f640b03a5aee53e39421c2215ebdd87e"/>
         <property name="seleniumVersion" value="3.7.1"/>
         <property name="proxyInformation" value="ProxyInformation{proxyOption=NO_PROXY, proxyServerType=HTTP, password=, proxyServerAddress=, proxyServerPort=0}"/>
         <property name="platform" value="Windows 10"/>
      </properties>
      <testcase name="Test Cases/recorded_test" classname="Test Cases/recorded_test" status="PASSED">
         <system-out><![CDATA[2018-07-23 16:09:23 - [TEST_CASE][PASSED] - Test Cases/recorded_test: Test Cases/recorded_test

2018-07-23 16:09:24 - [TEST_STEP][PASSED] - openBrowser: Browser is opened with url: ''

2018-07-23 16:09:28 - [MESSAGE][PASSED] - Browser is opened with url: ''

2018-07-23 16:09:28 - [TEST_STEP][PASSED] - navigateToUrl: Navigate to 'http://tupeuxpastest.csq.io/' successfully

2018-07-23 16:09:30 - [MESSAGE][PASSED] - Navigate to 'http://tupeuxpastest.csq.io/' successfully

2018-07-23 16:09:30 - [TEST_STEP][PASSED] - click: Object: 'Object Repository/tupeuxpastest/a_Page 1' is clicked on

2018-07-23 16:09:30 - [MESSAGE][PASSED] - Object: 'Object Repository/tupeuxpastest/a_Page 1' is clicked on

2018-07-23 16:09:30 - [TEST_STEP][PASSED] - click: Object: 'Object Repository/tupeuxpastest/a_Page 2' is clicked on

2018-07-23 16:09:30 - [MESSAGE][PASSED] - Object: 'Object Repository/tupeuxpastest/a_Page 2' is clicked on

2018-07-23 16:09:30 - [TEST_STEP][PASSED] - click: Object: 'Object Repository/tupeuxpastest/a_Page 3' is clicked on

2018-07-23 16:09:30 - [MESSAGE][PASSED] - Object: 'Object Repository/tupeuxpastest/a_Page 3' is clicked on

2018-07-23 16:09:30 - [TEST_STEP][PASSED] - click: Object: 'Object Repository/tupeuxpastest/a_Page 4' is clicked on

2018-07-23 16:09:30 - [MESSAGE][PASSED] - Object: 'Object Repository/tupeuxpastest/a_Page 4' is clicked on

2018-07-23 16:09:30 - [TEST_STEP][PASSED] - click: Object: 'Object Repository/tupeuxpastest/a_Ajax page' is clicked on

2018-07-23 16:09:31 - [MESSAGE][PASSED] - Object: 'Object Repository/tupeuxpastest/a_Ajax page' is clicked on

2018-07-23 16:09:31 - [TEST_STEP][PASSED] - click: Object: 'Object Repository/tupeuxpastest/a_UserAgent page' is clicked on

2018-07-23 16:09:31 - [MESSAGE][PASSED] - Object: 'Object Repository/tupeuxpastest/a_UserAgent page' is clicked on

2018-07-23 16:09:31 - [TEST_STEP][PASSED] - click: Object: 'Object Repository/tupeuxpastest/a_Duplicate blocks page' is clicked on

2018-07-23 16:09:31 - [MESSAGE][PASSED] - Object: 'Object Repository/tupeuxpastest/a_Duplicate blocks page' is clicked on

2018-07-23 16:09:31 - [TEST_STEP][PASSED] - click: Object: 'Object Repository/tupeuxpastest/a_iFrame' is clicked on

2018-07-23 16:09:31 - [MESSAGE][PASSED] - Object: 'Object Repository/tupeuxpastest/a_iFrame' is clicked on

2018-07-23 16:09:31 - [TEST_STEP][PASSED] - click: Object: 'Object Repository/tupeuxpastest/div_logo' is clicked on

2018-07-23 16:09:31 - [MESSAGE][PASSED] - Object: 'Object Repository/tupeuxpastest/div_logo' is clicked on

2018-07-23 16:09:31 - [TEST_STEP][PASSED] - click: Object: 'Object Repository/tupeuxpastest/img' is clicked on

2018-07-23 16:09:31 - [MESSAGE][PASSED] - Object: 'Object Repository/tupeuxpastest/img' is clicked on

2018-07-23 16:09:31 - [TEST_STEP][PASSED] - closeBrowser: Browser is closed

2018-07-23 16:09:32 - [MESSAGE][PASSED] - Browser is closed]]></system-out>
         <system-err><![CDATA[]]></system-err>
      </testcase>
      <testcase name="Test Cases/controlled_monkey" classname="Test Cases/controlled_monkey" status="PASSED">
         <system-out><![CDATA[2018-07-23 16:09:32 - [TEST_CASE][PASSED] - Test Cases/controlled_monkey: Test Cases/controlled_monkey

2018-07-23 16:09:32 - [TEST_STEP][PASSED] - openBrowser: Browser is opened with url: 'http://tupeuxpastest.csq.io'

2018-07-23 16:09:36 - [MESSAGE][PASSED] - Browser is opened with url: 'http://tupeuxpastest.csq.io'

2018-07-23 16:09:36 - [TEST_STEP][PASSED] - delay: Delayed 2 second(s)

2018-07-23 16:09:38 - [MESSAGE][PASSED] - Delayed 2 second(s)

2018-07-23 16:09:38 - [TEST_STEP][PASSED] - Statement - driver = com.kms.katalon.core.webui.driver.DriverFactory.getWebDriver(): null

2018-07-23 16:09:38 - [TEST_STEP][PASSED] - Statement - elements = driver.findElements(org.openqa.selenium.By.xpath("//*")): null

2018-07-23 16:09:38 - [TEST_STEP][PASSED] - Statement - obj = new com.kms.katalon.core.testobject.TestObject(): null

2018-07-23 16:09:38 - [TEST_STEP][PASSED] - Statement - count = 0: null

2018-07-23 16:09:38 - [TEST_STEP][PASSED] - Statement - filteredElements = elements.stream().filter({ java.lang.Object e -> ... }).collect(): null

2018-07-23 16:09:40 - [TEST_STEP][PASSED] - Statement - 100.times({ -> ... }): Delayed 1 second(s)

2018-07-23 16:09:41 - [MESSAGE][PASSED] - Delayed 1 second(s)

2018-07-23 16:09:42 - [MESSAGE][PASSED] - Delayed 1 second(s)

2018-07-23 16:09:43 - [MESSAGE][PASSED] - Delayed 1 second(s)

2018-07-23 16:09:44 - [MESSAGE][PASSED] - Delayed 1 second(s)

2018-07-23 16:09:46 - [MESSAGE][PASSED] - Delayed 1 second(s)

2018-07-23 16:09:47 - [MESSAGE][PASSED] - Delayed 1 second(s)

2018-07-23 16:09:48 - [MESSAGE][PASSED] - Delayed 1 second(s)

2018-07-23 16:09:49 - [MESSAGE][PASSED] - Delayed 1 second(s)

2018-07-23 16:09:50 - [MESSAGE][PASSED] - Delayed 1 second(s)

2018-07-23 16:09:51 - [MESSAGE][PASSED] - Delayed 1 second(s)

2018-07-23 16:09:52 - [MESSAGE][PASSED] - Delayed 1 second(s)

2018-07-23 16:09:53 - [MESSAGE][PASSED] - Delayed 1 second(s)

2018-07-23 16:09:54 - [MESSAGE][PASSED] - Delayed 1 second(s)

2018-07-23 16:09:55 - [MESSAGE][PASSED] - Delayed 1 second(s)

2018-07-23 16:09:56 - [MESSAGE][PASSED] - Delayed 1 second(s)

2018-07-23 16:09:57 - [MESSAGE][PASSED] - Delayed 1 second(s)

2018-07-23 16:09:58 - [MESSAGE][PASSED] - Delayed 1 second(s)

2018-07-23 16:09:59 - [MESSAGE][PASSED] - Delayed 1 second(s)

2018-07-23 16:10:01 - [MESSAGE][PASSED] - Delayed 1 second(s)

2018-07-23 16:10:02 - [MESSAGE][PASSED] - Delayed 1 second(s)

2018-07-23 16:10:03 - [MESSAGE][PASSED] - Delayed 1 second(s)

2018-07-23 16:10:04 - [MESSAGE][PASSED] - Delayed 1 second(s)

2018-07-23 16:10:05 - [MESSAGE][PASSED] - Delayed 1 second(s)

2018-07-23 16:10:06 - [MESSAGE][PASSED] - Delayed 1 second(s)

2018-07-23 16:10:07 - [MESSAGE][PASSED] - Delayed 1 second(s)

2018-07-23 16:10:08 - [MESSAGE][PASSED] - Delayed 1 second(s)

2018-07-23 16:10:09 - [MESSAGE][PASSED] - Delayed 1 second(s)

2018-07-23 16:10:10 - [MESSAGE][PASSED] - Delayed 1 second(s)

2018-07-23 16:10:11 - [MESSAGE][PASSED] - Delayed 1 second(s)

2018-07-23 16:10:13 - [MESSAGE][PASSED] - Delayed 1 second(s)

2018-07-23 16:10:14 - [MESSAGE][PASSED] - Delayed 1 second(s)

2018-07-23 16:10:15 - [MESSAGE][PASSED] - Delayed 1 second(s)

2018-07-23 16:10:16 - [MESSAGE][PASSED] - Delayed 1 second(s)

2018-07-23 16:10:17 - [MESSAGE][PASSED] - Delayed 1 second(s)

2018-07-23 16:10:18 - [MESSAGE][PASSED] - Delayed 1 second(s)

2018-07-23 16:10:19 - [MESSAGE][PASSED] - Delayed 1 second(s)

2018-07-23 16:10:20 - [MESSAGE][PASSED] - Delayed 1 second(s)

2018-07-23 16:10:21 - [MESSAGE][PASSED] - Delayed 1 second(s)

2018-07-23 16:10:22 - [MESSAGE][PASSED] - Delayed 1 second(s)

2018-07-23 16:10:23 - [MESSAGE][PASSED] - Delayed 1 second(s)

2018-07-23 16:10:24 - [MESSAGE][PASSED] - Delayed 1 second(s)

2018-07-23 16:10:25 - [MESSAGE][PASSED] - Delayed 1 second(s)

2018-07-23 16:10:27 - [MESSAGE][PASSED] - Delayed 1 second(s)

2018-07-23 16:10:28 - [MESSAGE][PASSED] - Delayed 1 second(s)

2018-07-23 16:10:29 - [MESSAGE][PASSED] - Delayed 1 second(s)

2018-07-23 16:10:30 - [MESSAGE][PASSED] - Delayed 1 second(s)

2018-07-23 16:10:31 - [MESSAGE][PASSED] - Delayed 1 second(s)

2018-07-23 16:10:32 - [MESSAGE][PASSED] - Delayed 1 second(s)

2018-07-23 16:10:33 - [MESSAGE][PASSED] - Delayed 1 second(s)

2018-07-23 16:10:34 - [MESSAGE][PASSED] - Delayed 1 second(s)

2018-07-23 16:10:35 - [MESSAGE][PASSED] - Delayed 1 second(s)

2018-07-23 16:10:36 - [MESSAGE][PASSED] - Delayed 1 second(s)

2018-07-23 16:10:37 - [MESSAGE][PASSED] - Delayed 1 second(s)

2018-07-23 16:10:38 - [MESSAGE][PASSED] - Delayed 1 second(s)

2018-07-23 16:10:39 - [MESSAGE][PASSED] - Delayed 1 second(s)

2018-07-23 16:10:41 - [MESSAGE][PASSED] - Delayed 1 second(s)

2018-07-23 16:10:42 - [MESSAGE][PASSED] - Delayed 1 second(s)

2018-07-23 16:10:43 - [MESSAGE][PASSED] - Delayed 1 second(s)

2018-07-23 16:10:44 - [MESSAGE][PASSED] - Delayed 1 second(s)

2018-07-23 16:10:45 - [MESSAGE][PASSED] - Delayed 1 second(s)

2018-07-23 16:10:46 - [MESSAGE][PASSED] - Delayed 1 second(s)

2018-07-23 16:10:47 - [MESSAGE][PASSED] - Delayed 1 second(s)

2018-07-23 16:10:48 - [MESSAGE][PASSED] - Delayed 1 second(s)

2018-07-23 16:10:49 - [MESSAGE][PASSED] - Delayed 1 second(s)

2018-07-23 16:10:50 - [MESSAGE][PASSED] - Delayed 1 second(s)

2018-07-23 16:10:51 - [MESSAGE][PASSED] - Delayed 1 second(s)

2018-07-23 16:10:53 - [MESSAGE][PASSED] - Delayed 1 second(s)

2018-07-23 16:10:54 - [MESSAGE][PASSED] - Delayed 1 second(s)

2018-07-23 16:10:55 - [MESSAGE][PASSED] - Delayed 1 second(s)

2018-07-23 16:10:56 - [MESSAGE][PASSED] - Delayed 1 second(s)

2018-07-23 16:10:57 - [MESSAGE][PASSED] - Delayed 1 second(s)

2018-07-23 16:10:58 - [MESSAGE][PASSED] - Delayed 1 second(s)

2018-07-23 16:10:59 - [MESSAGE][PASSED] - Delayed 1 second(s)

2018-07-23 16:11:00 - [MESSAGE][PASSED] - Delayed 1 second(s)

2018-07-23 16:11:01 - [MESSAGE][PASSED] - Delayed 1 second(s)

2018-07-23 16:11:02 - [MESSAGE][PASSED] - Delayed 1 second(s)

2018-07-23 16:11:03 - [MESSAGE][PASSED] - Delayed 1 second(s)

2018-07-23 16:11:04 - [MESSAGE][PASSED] - Delayed 1 second(s)

2018-07-23 16:11:05 - [MESSAGE][PASSED] - Delayed 1 second(s)

2018-07-23 16:11:06 - [MESSAGE][PASSED] - Delayed 1 second(s)

2018-07-23 16:11:07 - [MESSAGE][PASSED] - Delayed 1 second(s)

2018-07-23 16:11:09 - [MESSAGE][PASSED] - Delayed 1 second(s)

2018-07-23 16:11:10 - [MESSAGE][PASSED] - Delayed 1 second(s)

2018-07-23 16:11:11 - [MESSAGE][PASSED] - Delayed 1 second(s)

2018-07-23 16:11:12 - [MESSAGE][PASSED] - Delayed 1 second(s)

2018-07-23 16:11:13 - [MESSAGE][PASSED] - Delayed 1 second(s)

2018-07-23 16:11:14 - [MESSAGE][PASSED] - Delayed 1 second(s)

2018-07-23 16:11:15 - [MESSAGE][PASSED] - Delayed 1 second(s)

2018-07-23 16:11:16 - [MESSAGE][PASSED] - Delayed 1 second(s)

2018-07-23 16:11:17 - [MESSAGE][PASSED] - Delayed 1 second(s)

2018-07-23 16:11:18 - [MESSAGE][PASSED] - Delayed 1 second(s)

2018-07-23 16:11:19 - [MESSAGE][PASSED] - Delayed 1 second(s)

2018-07-23 16:11:20 - [MESSAGE][PASSED] - Delayed 1 second(s)

2018-07-23 16:11:21 - [MESSAGE][PASSED] - Delayed 1 second(s)

2018-07-23 16:11:23 - [MESSAGE][PASSED] - Delayed 1 second(s)

2018-07-23 16:11:24 - [MESSAGE][PASSED] - Delayed 1 second(s)

2018-07-23 16:11:25 - [MESSAGE][PASSED] - Delayed 1 second(s)

2018-07-23 16:11:26 - [MESSAGE][PASSED] - Delayed 1 second(s)

2018-07-23 16:11:27 - [MESSAGE][PASSED] - Delayed 1 second(s)

2018-07-23 16:11:28 - [MESSAGE][PASSED] - Delayed 1 second(s)

2018-07-23 16:11:28 - [TEST_STEP][PASSED] - closeBrowser: Browser is closed

2018-07-23 16:11:29 - [MESSAGE][PASSED] - Browser is closed]]></system-out>
         <system-err><![CDATA[]]></system-err>
      </testcase>
      <testcase name="Test Cases/monkey_click" classname="Test Cases/monkey_click" status="PASSED">
         <system-out><![CDATA[2018-07-23 16:11:29 - [TEST_CASE][PASSED] - Test Cases/monkey_click: Test Cases/monkey_click

2018-07-23 16:11:29 - [TEST_STEP][PASSED] - openBrowser: Browser is opened with url: 'http://tupeuxpastest.csq.io/'

2018-07-23 16:11:33 - [MESSAGE][PASSED] - Browser is opened with url: 'http://tupeuxpastest.csq.io/'

2018-07-23 16:11:33 - [TEST_STEP][PASSED] - executeJavaScript: Execute JavaScript 'javascript:(function(){function callback(){gremlins.createHorde().gremlin(gremlins.species.clicker().clickTypes(["click"])).gremlin(gremlins.species.scroller()).gremlin(function(){window.$ = function() {};}).unleash()} var s=document.createElement("script");s.src="http://localhost/monkey";if(s.addEventListener){s.addEventListener("load",callback,false)}else if(s.readyState){s.onreadystatechange=callback}document.body.appendChild(s);})()' successfully

2018-07-23 16:11:33 - [MESSAGE][PASSED] - Execute JavaScript 'javascript:(function(){function callback(){gremlins.createHorde().gremlin(gremlins.species.clicker().clickTypes(["click"])).gremlin(gremlins.species.scroller()).gremlin(function(){window.$ = function() {};}).unleash()} var s=document.createElement("script");s.src="http://localhost/monkey";if(s.addEventListener){s.addEventListener("load",callback,false)}else if(s.readyState){s.onreadystatechange=callback}document.body.appendChild(s);})()' successfully

2018-07-23 16:11:33 - [TEST_STEP][PASSED] - delay: Delayed 10 second(s)

2018-07-23 16:11:43 - [MESSAGE][PASSED] - Delayed 10 second(s)

2018-07-23 16:11:43 - [TEST_STEP][PASSED] - closeBrowser: Browser is closed

2018-07-23 16:11:44 - [MESSAGE][PASSED] - Browser is closed]]></system-out>
         <system-err><![CDATA[]]></system-err>
      </testcase>
      <system-out><![CDATA[2018-07-23 16:09:22 - [TEST_SUITE][PASSED] - DC_Automation: Test Cases/monkey_click]]></system-out>
      <system-err><![CDATA[]]></system-err>
   </testsuite>
</testsuites>
